<?xml version="1.0" encoding="UTF-8"?>
<coverage generated="1502833701102" clover="3.2.0">
  <project timestamp="1502833701103" name="All files">
    <metrics statements="83" coveredstatements="67" conditionals="15" coveredconditionals="9" methods="15" coveredmethods="9" elements="113" coveredelements="85" complexity="0" loc="83" ncloc="83" packages="3" files="7" classes="7">
      <package name="server">
        <metrics statements="31" coveredstatements="26" conditionals="6" coveredconditionals="3" methods="1" coveredmethods="0"/>
        <file name="index.js" path="/Users/emilydeans/Desktop/vendingMachine_dp/server/index.js">
          <metrics statements="31" coveredstatements="26" conditionals="6" coveredconditionals="3" methods="1" coveredmethods="0"/>
          <line num="1" count="2" type="stmt"/>
          <line num="2" count="2" type="stmt"/>
          <line num="3" count="2" type="stmt"/>
          <line num="4" count="2" type="stmt"/>
          <line num="5" count="2" type="stmt"/>
          <line num="6" count="2" type="stmt"/>
          <line num="7" count="2" type="stmt"/>
          <line num="8" count="2" type="stmt"/>
          <line num="9" count="2" type="stmt"/>
          <line num="10" count="2" type="stmt"/>
          <line num="11" count="2" type="stmt"/>
          <line num="14" count="2" type="stmt"/>
          <line num="17" count="2" type="cond" truecount="2" falsecount="0"/>
          <line num="20" count="2" type="stmt"/>
          <line num="25" count="2" type="stmt"/>
          <line num="28" count="2" type="stmt"/>
          <line num="31" count="2" type="stmt"/>
          <line num="36" count="2" type="stmt"/>
          <line num="43" count="2" type="stmt"/>
          <line num="46" count="2" type="stmt"/>
          <line num="49" count="2" type="stmt"/>
          <line num="58" count="2" type="stmt"/>
          <line num="62" count="2" type="stmt"/>
          <line num="64" count="2" type="stmt"/>
          <line num="69" count="2" type="cond" truecount="1" falsecount="1"/>
          <line num="72" count="0" type="stmt"/>
          <line num="73" count="0" type="cond" truecount="0" falsecount="2"/>
          <line num="74" count="0" type="stmt"/>
          <line num="75" count="0" type="stmt"/>
          <line num="78" count="0" type="stmt"/>
          <line num="86" count="2" type="stmt"/>
        </file>
      </package>
      <package name="server.models">
        <metrics statements="34" coveredstatements="27" conditionals="9" coveredconditionals="6" methods="9" coveredmethods="6"/>
        <file name="customer.js" path="/Users/emilydeans/Desktop/vendingMachine_dp/server/models/customer.js">
          <metrics statements="5" coveredstatements="3" conditionals="0" coveredconditionals="0" methods="2" coveredmethods="1"/>
          <line num="2" count="3" type="stmt"/>
          <line num="3" count="3" type="stmt"/>
          <line num="8" count="0" type="stmt"/>
          <line num="9" count="0" type="stmt"/>
          <line num="13" count="3" type="stmt"/>
        </file>
        <file name="index.js" path="/Users/emilydeans/Desktop/vendingMachine_dp/server/models/index.js">
          <metrics statements="20" coveredstatements="18" conditionals="9" coveredconditionals="6" methods="3" coveredmethods="3"/>
          <line num="3" count="3" type="stmt"/>
          <line num="4" count="3" type="stmt"/>
          <line num="5" count="3" type="stmt"/>
          <line num="6" count="3" type="stmt"/>
          <line num="7" count="3" type="cond" truecount="1" falsecount="1"/>
          <line num="8" count="3" type="stmt"/>
          <line num="9" count="3" type="stmt"/>
          <line num="11" count="3" type="cond" truecount="1" falsecount="1"/>
          <line num="12" count="0" type="stmt"/>
          <line num="14" count="3" type="stmt"/>
          <line num="17" count="3" type="stmt"/>
          <line num="20" count="12" type="cond" truecount="3" falsecount="0"/>
          <line num="23" count="9" type="stmt"/>
          <line num="24" count="9" type="stmt"/>
          <line num="27" count="3" type="stmt"/>
          <line num="28" count="9" type="cond" truecount="1" falsecount="1"/>
          <line num="29" count="0" type="stmt"/>
          <line num="33" count="3" type="stmt"/>
          <line num="34" count="3" type="stmt"/>
          <line num="36" count="3" type="stmt"/>
        </file>
        <file name="item.js" path="/Users/emilydeans/Desktop/vendingMachine_dp/server/models/item.js">
          <metrics statements="4" coveredstatements="3" conditionals="0" coveredconditionals="0" methods="2" coveredmethods="1"/>
          <line num="2" count="3" type="stmt"/>
          <line num="3" count="3" type="stmt"/>
          <line num="10" count="0" type="stmt"/>
          <line num="14" count="3" type="stmt"/>
        </file>
        <file name="vendor.js" path="/Users/emilydeans/Desktop/vendingMachine_dp/server/models/vendor.js">
          <metrics statements="5" coveredstatements="3" conditionals="0" coveredconditionals="0" methods="2" coveredmethods="1"/>
          <line num="2" count="3" type="stmt"/>
          <line num="3" count="3" type="stmt"/>
          <line num="8" count="0" type="stmt"/>
          <line num="9" count="0" type="stmt"/>
          <line num="13" count="3" type="stmt"/>
        </file>
      </package>
      <package name="server.routes">
        <metrics statements="18" coveredstatements="14" conditionals="0" coveredconditionals="0" methods="5" coveredmethods="3"/>
        <file name="homepage.js" path="/Users/emilydeans/Desktop/vendingMachine_dp/server/routes/homepage.js">
          <metrics statements="5" coveredstatements="5" conditionals="0" coveredconditionals="0" methods="1" coveredmethods="1"/>
          <line num="1" count="2" type="stmt"/>
          <line num="2" count="2" type="stmt"/>
          <line num="4" count="2" type="stmt"/>
          <line num="5" count="1" type="stmt"/>
          <line num="8" count="2" type="stmt"/>
        </file>
        <file name="items.js" path="/Users/emilydeans/Desktop/vendingMachine_dp/server/routes/items.js">
          <metrics statements="13" coveredstatements="9" conditionals="0" coveredconditionals="0" methods="4" coveredmethods="2"/>
          <line num="1" count="2" type="stmt"/>
          <line num="2" count="2" type="stmt"/>
          <line num="3" count="2" type="stmt"/>
          <line num="5" count="2" type="stmt"/>
          <line num="6" count="2" type="stmt"/>
          <line num="7" count="2" type="stmt"/>
          <line num="9" count="2" type="stmt"/>
          <line num="13" count="2" type="stmt"/>
          <line num="14" count="0" type="stmt"/>
          <line num="15" count="0" type="stmt"/>
          <line num="17" count="0" type="stmt"/>
          <line num="18" count="0" type="stmt"/>
          <line num="28" count="2" type="stmt"/>
        </file>
      </package>
    </metrics>
  </project>
</coverage>
