TN:
SF:/Users/emilydeans/Desktop/vendingMachine_dp/server/index.js
FN:72,(anonymous_0)
FNF:1
FNH:0
FNDA:0,(anonymous_0)
DA:1,2
DA:2,2
DA:3,2
DA:4,2
DA:5,2
DA:6,2
DA:7,2
DA:8,2
DA:9,2
DA:10,2
DA:11,2
DA:14,2
DA:17,2
DA:20,2
DA:25,2
DA:28,2
DA:31,2
DA:36,2
DA:43,2
DA:46,2
DA:49,2
DA:58,2
DA:62,2
DA:64,2
DA:69,2
DA:72,0
DA:73,0
DA:74,0
DA:75,0
DA:78,0
DA:86,2
LF:31
LH:26
BRDA:17,0,0,2
BRDA:17,0,1,2
BRDA:69,1,0,0
BRDA:69,1,1,2
BRDA:73,2,0,0
BRDA:73,2,1,0
BRF:6
BRH:3
end_of_record
TN:
SF:/Users/emilydeans/Desktop/vendingMachine_dp/server/models/customer.js
FN:2,(anonymous_0)
FN:7,(anonymous_1)
FNF:2
FNH:1
FNDA:3,(anonymous_0)
FNDA:0,(anonymous_1)
DA:2,3
DA:3,3
DA:8,0
DA:9,0
DA:13,3
LF:5
LH:3
BRF:0
BRH:0
end_of_record
TN:
SF:/Users/emilydeans/Desktop/vendingMachine_dp/server/models/index.js
FN:19,(anonymous_0)
FN:22,(anonymous_1)
FN:27,(anonymous_2)
FNF:3
FNH:3
FNDA:12,(anonymous_0)
FNDA:9,(anonymous_1)
FNDA:9,(anonymous_2)
DA:3,3
DA:4,3
DA:5,3
DA:6,3
DA:7,3
DA:8,3
DA:9,3
DA:11,3
DA:12,0
DA:14,3
DA:17,3
DA:20,12
DA:23,9
DA:24,9
DA:27,3
DA:28,9
DA:29,0
DA:33,3
DA:34,3
DA:36,3
LF:20
LH:18
BRDA:7,0,0,3
BRDA:7,0,1,0
BRDA:11,1,0,0
BRDA:11,1,1,3
BRDA:20,2,0,12
BRDA:20,2,1,12
BRDA:20,2,2,9
BRDA:28,3,0,0
BRDA:28,3,1,9
BRF:9
BRH:6
end_of_record
TN:
SF:/Users/emilydeans/Desktop/vendingMachine_dp/server/models/item.js
FN:2,(anonymous_0)
FN:9,(anonymous_1)
FNF:2
FNH:1
FNDA:3,(anonymous_0)
FNDA:0,(anonymous_1)
DA:2,3
DA:3,3
DA:10,0
DA:14,3
LF:4
LH:3
BRF:0
BRH:0
end_of_record
TN:
SF:/Users/emilydeans/Desktop/vendingMachine_dp/server/models/vendor.js
FN:2,(anonymous_0)
FN:7,(anonymous_1)
FNF:2
FNH:1
FNDA:3,(anonymous_0)
FNDA:0,(anonymous_1)
DA:2,3
DA:3,3
DA:8,0
DA:9,0
DA:13,3
LF:5
LH:3
BRF:0
BRH:0
end_of_record
TN:
SF:/Users/emilydeans/Desktop/vendingMachine_dp/server/routes/homepage.js
FN:4,(anonymous_0)
FNF:1
FNH:1
FNDA:1,(anonymous_0)
DA:1,2
DA:2,2
DA:4,2
DA:5,1
DA:8,2
LF:5
LH:5
BRF:0
BRH:0
end_of_record
TN:
SF:/Users/emilydeans/Desktop/vendingMachine_dp/server/routes/items.js
FN:5,(anonymous_0)
FN:8,(anonymous_1)
FN:13,(anonymous_2)
FN:16,(anonymous_3)
FNF:4
FNH:2
FNDA:2,(anonymous_0)
FNDA:2,(anonymous_1)
FNDA:0,(anonymous_2)
FNDA:0,(anonymous_3)
DA:1,2
DA:2,2
DA:3,2
DA:5,2
DA:6,2
DA:7,2
DA:9,2
DA:13,2
DA:14,0
DA:15,0
DA:17,0
DA:18,0
DA:28,2
LF:13
LH:9
BRF:0
BRH:0
end_of_record
